Third-party cookie will be blocked. Learn more in the Issues tab.
Third-party cookie will be blocked. Learn more in the Issues tab.
Third-party cookie will be blocked. Learn more in the Issues tab.
Third-party cookie will be blocked. Learn more in the Issues tab.
Third-party cookie will be blocked. Learn more in the Issues tab.
Third-party cookie will be blocked. Learn more in the Issues tab.
Third-party cookie will be blocked. Learn more in the Issues tab.
Third-party cookie will be blocked. Learn more in the Issues tab.
Third-party cookie will be blocked. Learn more in the Issues tab.
Third-party cookie will be blocked. Learn more in the Issues tab.
Third-party cookie will be blocked. Learn more in the Issues tab.
Third-party cookie will be blocked. Learn more in the Issues tab.
Refused to frame 'https://ogs.google.com/' because an ancestor violates the following Content Security Policy directive: "frame-ancestors 'self'".

chromewebdata/:1 
        
        
       Failed to load resource: the server responded with a status of 403 ()
console.log(" Hello Coding Factory from John!!! ")
VM183:1  Hello Coding Factory from John!!! 
undefined
let num = 0
undefined
num
0
let d= 2,5
VM268:1 Uncaught SyntaxError: Unexpected number
let d= 2.5
undefined
d
2.5
let isRaising = true
undefined
isRaising
true
let coding = "Coding "
undefined
let _factory = "Factory"
undefined
coding
'Coding '
_factory
'Factory'
coding + _factory
'Coding Factory'
coding + _factory
'Coding Factory'
clear
<g id=​"clear">​<path d=​"M19 6.41L17.59 5 12 10.59 6.41 5 5 6.41 10.59 12 5 17.59 6.41 19 12 13.41 17.59 19 19 17.59 13.41 12z">​ ​</path>​</g>​
cls
VM603:1 Uncaught ReferenceError: cls is not defined
    at <anonymous>:1:1
(anonymous) @ VM603:1
const arr = [1, 2, 3, 4, 5, 6]
undefined
arr.forEach(num => console.log(num))
VM826:1 1
VM826:1 2
VM826:1 3
VM826:1 4
VM826:1 5
VM826:1 6
undefined
const cities = ["Αθήνα", "Χαλκίδα", "Θεσσαλονίκη", "Χανιά", "Πειραιάς", "Κόρινθος"]
undefined
cities.forEach(String => console.log(String)
VM1134:1 Uncaught SyntaxError: missing ) after argument list
cities.forEach(String => console.log(String))
VM1142:1 Αθήνα
VM1142:1 Χαλκίδα
VM1142:1 Θεσσαλονίκη
VM1142:1 Χανιά
VM1142:1 Πειραιάς
VM1142:1 Κόρινθος
undefined
arr.forEach(num => console.log(num)) + cities.forEach(String => console.log(String))
VM1348:1 1
VM1348:1 2
VM1348:1 3
VM1348:1 4
VM1348:1 5
VM1348:1 6
VM1348:1 Αθήνα
VM1348:1 Χαλκίδα
VM1348:1 Θεσσαλονίκη
VM1348:1 Χανιά
VM1348:1 Πειραιάς
VM1348:1 Κόρινθος
NaN
let objectName = {first: "Ιωάννης", last: "Αντωνίου"}
undefined
let {first, last} = objectName
undefined
first
'Ιωάννης'
last
'Αντωνίου'
first + " " + last
'Ιωάννης Αντωνίου'
